Using pre-set license
Built from '2021.3/staging' branch; Version is '2021.3.16f1 (4016570cf34f) revision 4200023'; Using compiler version '192829333'; Build Type 'Release'
OS: 'Windows 10  (10.0.19045) 64bit Core' Language: 'ko' Physical Memory: 65433 MB
BatchMode: 1, IsHumanControllingUs: 0, StartBugReporterOnCrash: 0, Is64bit: 1, IsPro: 1

COMMAND LINE ARGUMENTS:
C:\Program Files\Unity\Hub\Editor\2021.3.16f1\Editor\Unity.exe
-adb2
-batchMode
-noUpm
-name
AssetImportWorker2
-projectPath
C:/Users/Clicked/Documents/GitHub/GH-War/GHWar
-logFile
Logs/AssetImportWorker2.log
-srvPort
13766
Successfully changed project path to: C:/Users/Clicked/Documents/GitHub/GH-War/GHWar
C:/Users/Clicked/Documents/GitHub/GH-War/GHWar
[UnityMemory] Configuration Parameters - Can be set up in boot.config
    "memorysetup-bucket-allocator-granularity=16"
    "memorysetup-bucket-allocator-bucket-count=8"
    "memorysetup-bucket-allocator-block-size=33554432"
    "memorysetup-bucket-allocator-block-count=8"
    "memorysetup-main-allocator-block-size=16777216"
    "memorysetup-thread-allocator-block-size=16777216"
    "memorysetup-gfx-main-allocator-block-size=16777216"
    "memorysetup-gfx-thread-allocator-block-size=16777216"
    "memorysetup-cache-allocator-block-size=4194304"
    "memorysetup-typetree-allocator-block-size=2097152"
    "memorysetup-profiler-bucket-allocator-granularity=16"
    "memorysetup-profiler-bucket-allocator-bucket-count=8"
    "memorysetup-profiler-bucket-allocator-block-size=33554432"
    "memorysetup-profiler-bucket-allocator-block-count=8"
    "memorysetup-profiler-allocator-block-size=16777216"
    "memorysetup-profiler-editor-allocator-block-size=1048576"
    "memorysetup-temp-allocator-size-main=16777216"
    "memorysetup-job-temp-allocator-block-size=2097152"
    "memorysetup-job-temp-allocator-block-size-background=1048576"
    "memorysetup-job-temp-allocator-reduction-small-platforms=262144"
    "memorysetup-temp-allocator-size-background-worker=32768"
    "memorysetup-temp-allocator-size-job-worker=262144"
    "memorysetup-temp-allocator-size-preload-manager=33554432"
    "memorysetup-temp-allocator-size-nav-mesh-worker=65536"
    "memorysetup-temp-allocator-size-audio-worker=65536"
    "memorysetup-temp-allocator-size-cloud-worker=32768"
    "memorysetup-temp-allocator-size-gi-baking-worker=262144"
    "memorysetup-temp-allocator-size-gfx=262144"
Player connection [10456] Host "[IP] 192.168.10.148 [Port] 0 [Flags] 2 [Guid] 1588878954 [EditorId] 1588878954 [Version] 1048832 [Id] WindowsEditor(7,DESKTOP-S2CQNV8) [Debug] 1 [PackageName] WindowsEditor [ProjectName] Editor" joined multi-casting on [225.0.0.222:54997]...

Player connection [10456] Host "[IP] 192.168.10.148 [Port] 0 [Flags] 2 [Guid] 1588878954 [EditorId] 1588878954 [Version] 1048832 [Id] WindowsEditor(7,DESKTOP-S2CQNV8) [Debug] 1 [PackageName] WindowsEditor [ProjectName] Editor" joined alternative multi-casting on [225.0.0.222:34997]...

Refreshing native plugins compatible for Editor in 98.32 ms, found 7 plugins.
Preloading 1 native plugins for Editor in 0.70 ms.
Initialize engine version: 2021.3.16f1 (4016570cf34f)
[Subsystems] Discovering subsystems at path C:/Program Files/Unity/Hub/Editor/2021.3.16f1/Editor/Data/Resources/UnitySubsystems
[Subsystems] Discovering subsystems at path C:/Users/Clicked/Documents/GitHub/GH-War/GHWar/Assets
GfxDevice: creating device client; threaded=0; jobified=0
Direct3D:
    Version:  Direct3D 11.0 [level 11.1]
    Renderer: NVIDIA GeForce RTX 2080 Ti (ID=0x1e07)
    Vendor:   NVIDIA
    VRAM:     11049 MB
    Driver:   31.0.15.1694
Shader 'Oculus/OVRMRCameraFrameLit': fallback shader 'Alpha-Diffuse' not found
Initialize mono
Mono path[0] = 'C:/Program Files/Unity/Hub/Editor/2021.3.16f1/Editor/Data/Managed'
Mono path[1] = 'C:/Program Files/Unity/Hub/Editor/2021.3.16f1/Editor/Data/MonoBleedingEdge/lib/mono/unityjit-win32'
Mono config path = 'C:/Program Files/Unity/Hub/Editor/2021.3.16f1/Editor/Data/MonoBleedingEdge/etc'
Using monoOptions --debugger-agent=transport=dt_socket,embedding=1,server=y,suspend=n,address=127.0.0.1:56400
Begin MonoManager ReloadAssembly
Registering precompiled unity dll's ...
Register platform support module: C:/Program Files/Unity/Hub/Editor/2021.3.16f1/Editor/Data/PlaybackEngines/AndroidPlayer/UnityEditor.Android.Extensions.dll
Register platform support module: C:/Program Files/Unity/Hub/Editor/2021.3.16f1/Editor/Data/PlaybackEngines/WindowsStandaloneSupport/UnityEditor.WindowsStandalone.Extensions.dll
Registered in 0.006659 seconds.
Native extension for WindowsStandalone target not found
Native extension for Android target not found
Refreshing native plugins compatible for Editor in 90.17 ms, found 7 plugins.
Preloading 1 native plugins for Editor in 0.07 ms.
Mono: successfully reloaded assembly
- Completed reload, in  0.523 seconds
Domain Reload Profiling:
	ReloadAssembly (523ms)
		BeginReloadAssembly (58ms)
			ExecutionOrderSort (0ms)
			DisableScriptedObjects (0ms)
			BackupInstance (0ms)
			ReleaseScriptingObjects (0ms)
			CreateAndSetChildDomain (0ms)
		EndReloadAssembly (384ms)
			LoadAssemblies (56ms)
			RebuildTransferFunctionScriptingTraits (0ms)
			SetupTypeCache (83ms)
			ReleaseScriptCaches (0ms)
			RebuildScriptCaches (18ms)
			SetupLoadedEditorAssemblies (242ms)
				LogAssemblyErrors (0ms)
				InitializePlatformSupportModulesInManaged (43ms)
				SetLoadedEditorAssemblies (0ms)
				RefreshPlugins (90ms)
				BeforeProcessingInitializeOnLoad (1ms)
				ProcessInitializeOnLoadAttributes (72ms)
				ProcessInitializeOnLoadMethodAttributes (35ms)
				AfterProcessingInitializeOnLoad (0ms)
				EditorAssembliesLoaded (0ms)
			ExecutionOrderSort2 (0ms)
			AwakeInstancesAfterBackupRestoration (0ms)
Platform modules already initialized, skipping
Registering precompiled user dll's ...
Registered in 0.007593 seconds.
Begin MonoManager ReloadAssembly
Symbol file LoadedFromMemory doesn't match image C:\Users\Clicked\Documents\GitHub\GH-War\GHWar\Library\PackageCache\com.unity.visualscripting@1.7.8\Editor\VisualScripting.Core\Dependencies\DotNetZip\Unity.VisualScripting.IonicZip.dll
Symbol file LoadedFromMemory doesn't match image C:\Users\Clicked\Documents\GitHub\GH-War\GHWar\Library\PackageCache\com.unity.visualscripting@1.7.8\Editor\VisualScripting.Core\Dependencies\YamlDotNet\Unity.VisualScripting.YamlDotNet.dll
Native extension for WindowsStandalone target not found
Native extension for Android target not found
Refreshing native plugins compatible for Editor in 0.71 ms, found 7 plugins.
Preloading 1 native plugins for Editor in 0.07 ms.
Mono: successfully reloaded assembly
- Completed reload, in  0.962 seconds
Domain Reload Profiling:
	ReloadAssembly (963ms)
		BeginReloadAssembly (195ms)
			ExecutionOrderSort (0ms)
			DisableScriptedObjects (4ms)
			BackupInstance (0ms)
			ReleaseScriptingObjects (0ms)
			CreateAndSetChildDomain (127ms)
		EndReloadAssembly (683ms)
			LoadAssemblies (77ms)
			RebuildTransferFunctionScriptingTraits (0ms)
			SetupTypeCache (204ms)
			ReleaseScriptCaches (1ms)
			RebuildScriptCaches (56ms)
			SetupLoadedEditorAssemblies (318ms)
				LogAssemblyErrors (0ms)
				InitializePlatformSupportModulesInManaged (10ms)
				SetLoadedEditorAssemblies (0ms)
				RefreshPlugins (1ms)
				BeforeProcessingInitializeOnLoad (83ms)
				ProcessInitializeOnLoadAttributes (199ms)
				ProcessInitializeOnLoadMethodAttributes (18ms)
				AfterProcessingInitializeOnLoad (6ms)
				EditorAssembliesLoaded (0ms)
			ExecutionOrderSort2 (0ms)
			AwakeInstancesAfterBackupRestoration (7ms)
Platform modules already initialized, skipping
========================================================================
Worker process is ready to serve import requests
Shader 'Oculus/OVRMRCameraFrameLit': fallback shader 'Alpha-Diffuse' not found
Launched and connected shader compiler UnityShaderCompiler.exe after 0.03 seconds
Refreshing native plugins compatible for Editor in 0.88 ms, found 7 plugins.
Preloading 1 native plugins for Editor in 0.09 ms.
Unloading 4906 Unused Serialized files (Serialized files now loaded: 0)
Unloading 62 unused Assets / (192.1 KB). Loaded Objects now: 5337.
Memory consumption went from 176.9 MB to 176.7 MB.
Total: 2.240200 ms (FindLiveObjects: 0.271800 ms CreateObjectMapping: 0.137300 ms MarkObjects: 1.718400 ms  DeleteObjects: 0.112100 ms)

AssetImportParameters requested are different than current active one (requested -> active):
  custom:video-decoder-ogg-theora: a1e56fd34408186e4bbccfd4996cb3dc -> 
  custom:container-muxer-webm: aa71ff27fc2769a1b78a27578f13a17b -> 
  custom:container-demuxer-webm: 4f35f7cbe854078d1ac9338744f61a02 -> 
  custom:video-encoder-webm-vp8: eb34c28f22e8b96e1ab97ce403110664 -> 
  custom:video-codec-MediaFoundation-h265: 746d11721c4dcdbdad8f713fa42b33f4 -> 
  custom:audio-encoder-webm-vorbis: bf7c407c2cedff20999df2af8eb42d56 -> 
  custom:framework-win-MediaFoundation: 216162199b28c13a410421893ffa2e32 -> 
  custom:container-demuxer-ogg: 62fdf1f143b41e24485cea50d1cbac27 -> 
  custom:video-decoder-webm-vp8: 9c59270c3fd7afecdb556c50c9e8de78 -> 
  custom:audio-decoder-ogg-vorbis: bf7c407c2cedff20999df2af8eb42d56 -> 
========================================================================
Received Import Request.
  Time since last request: 368165.558693 seconds.
  path: Assets/BrokenVector/LowPolyCliffPack/Prefabs/Rocktile Straight 1.prefab
  artifactKey: Guid(76e8f3483e59e9245a3d8a6ccbed01ac) Importer(815301076,1909f56bfc062723c751e8b465ee728b)
Start importing Assets/BrokenVector/LowPolyCliffPack/Prefabs/Rocktile Straight 1.prefab using Guid(76e8f3483e59e9245a3d8a6ccbed01ac) Importer(815301076,1909f56bfc062723c751e8b465ee728b)  -> (artifact id: 'b0f2b670a391d1da5a56635f1d7544bc') in 0.084935 seconds 
========================================================================
Received Import Request.
  Time since last request: 80.401145 seconds.
  path: Assets/BrokenVector/LowPolyCliffPack/Models/Clifftile Concave.dae
  artifactKey: Guid(72d3e9c0a8221e84c878c19447c08447) Importer(815301076,1909f56bfc062723c751e8b465ee728b)
Start importing Assets/BrokenVector/LowPolyCliffPack/Models/Clifftile Concave.dae using Guid(72d3e9c0a8221e84c878c19447c08447) Importer(815301076,1909f56bfc062723c751e8b465ee728b)  -> (artifact id: '6633d8b3ecaef8736b923d4efefc1693') in 0.034654 seconds 
========================================================================
Received Import Request.
  Time since last request: 0.000024 seconds.
  path: Assets/BrokenVector/LowPolyCliffPack/Models/Clifftile Convex.dae
  artifactKey: Guid(e32d5719741f7dd4f972f523484077f3) Importer(815301076,1909f56bfc062723c751e8b465ee728b)
Start importing Assets/BrokenVector/LowPolyCliffPack/Models/Clifftile Convex.dae using Guid(e32d5719741f7dd4f972f523484077f3) Importer(815301076,1909f56bfc062723c751e8b465ee728b)  -> (artifact id: '2c39c824793626f6020acf65a4b746d9') in 0.013219 seconds 
========================================================================
Received Import Request.
  Time since last request: 0.000021 seconds.
  path: Assets/BrokenVector/LowPolyCliffPack/Models/Grasstile Concave.dae
  artifactKey: Guid(422502d5b0dc91d46a25ceb0db689b5d) Importer(815301076,1909f56bfc062723c751e8b465ee728b)
Start importing Assets/BrokenVector/LowPolyCliffPack/Models/Grasstile Concave.dae using Guid(422502d5b0dc91d46a25ceb0db689b5d) Importer(815301076,1909f56bfc062723c751e8b465ee728b)  -> (artifact id: '97f951c263583001bb74629ae4490677') in 0.012105 seconds 
========================================================================
Received Import Request.
  Time since last request: 0.000020 seconds.
  path: Assets/BrokenVector/LowPolyCliffPack/Models/Rocktile Convex.dae
  artifactKey: Guid(28e76008f620a7e419b42b9a454d6203) Importer(815301076,1909f56bfc062723c751e8b465ee728b)
Start importing Assets/BrokenVector/LowPolyCliffPack/Models/Rocktile Convex.dae using Guid(28e76008f620a7e419b42b9a454d6203) Importer(815301076,1909f56bfc062723c751e8b465ee728b)  -> (artifact id: '6876cc312d372289e19e2fa4ba5e0df0') in 0.011671 seconds 
========================================================================
Received Import Request.
  Time since last request: 0.000021 seconds.
  path: Assets/BrokenVector/LowPolyCliffPack/Models/Clifftile Straight 3.dae
  artifactKey: Guid(5f0bfec1f76234f43b0f098f4827b98b) Importer(815301076,1909f56bfc062723c751e8b465ee728b)
Start importing Assets/BrokenVector/LowPolyCliffPack/Models/Clifftile Straight 3.dae using Guid(5f0bfec1f76234f43b0f098f4827b98b) Importer(815301076,1909f56bfc062723c751e8b465ee728b)  -> (artifact id: '8cdf3e86dd88b1abc5f8c4319a4d1314') in 0.011696 seconds 
========================================================================
Received Import Request.
  Time since last request: 0.000020 seconds.
  path: Assets/BrokenVector/LowPolyCliffPack/Models/Grasstile Convex.dae
  artifactKey: Guid(89ba98edc5caaff49a3d2c6a7117f260) Importer(815301076,1909f56bfc062723c751e8b465ee728b)
Start importing Assets/BrokenVector/LowPolyCliffPack/Models/Grasstile Convex.dae using Guid(89ba98edc5caaff49a3d2c6a7117f260) Importer(815301076,1909f56bfc062723c751e8b465ee728b)  -> (artifact id: '607d932ab7b4c6cd7679ed9b523ff28f') in 0.010809 seconds 
========================================================================
Received Import Request.
  Time since last request: 2.969837 seconds.
  path: Assets/BrokenVector/LowPolyCliffPack/Models/Rocktile Diagonal.dae
  artifactKey: Guid(08e493f868e98334b9561248a18cf969) Importer(815301076,1909f56bfc062723c751e8b465ee728b)
Start importing Assets/BrokenVector/LowPolyCliffPack/Models/Rocktile Diagonal.dae using Guid(08e493f868e98334b9561248a18cf969) Importer(815301076,1909f56bfc062723c751e8b465ee728b)  -> (artifact id: '8034daef02d7a06652c0475be3da7db8') in 0.011262 seconds 
========================================================================
Received Import Request.
  Time since last request: 375.575184 seconds.
  path: Assets/Low_poly_styled_rocks/Assets/Materials/rocks_b.mat
  artifactKey: Guid(cb28a97001db9044389c6ac2489b581b) Importer(815301076,1909f56bfc062723c751e8b465ee728b)
Start importing Assets/Low_poly_styled_rocks/Assets/Materials/rocks_b.mat using Guid(cb28a97001db9044389c6ac2489b581b) Importer(815301076,1909f56bfc062723c751e8b465ee728b)  -> (artifact id: '827bc3c447bafdc763481691077c69f1') in 0.023809 seconds 
========================================================================
Received Import Request.
  Time since last request: 0.000016 seconds.
  path: Assets/Low_poly_styled_rocks/Assets/Materials/rocks_c.mat
  artifactKey: Guid(8e805f5d87f6c2d47a955127d0f8ec5d) Importer(815301076,1909f56bfc062723c751e8b465ee728b)
Start importing Assets/Low_poly_styled_rocks/Assets/Materials/rocks_c.mat using Guid(8e805f5d87f6c2d47a955127d0f8ec5d) Importer(815301076,1909f56bfc062723c751e8b465ee728b)  -> (artifact id: '64cb0ef5059fdf77285c78fcb3c22b28') in 0.015406 seconds 
========================================================================
Received Import Request.
  Time since last request: 0.371110 seconds.
  path: Assets/Low_poly_styled_rocks/Assets/Prefabs/rock_b.prefab
  artifactKey: Guid(4436f5b141ae4074082424c09570acb3) Importer(815301076,1909f56bfc062723c751e8b465ee728b)
Start importing Assets/Low_poly_styled_rocks/Assets/Prefabs/rock_b.prefab using Guid(4436f5b141ae4074082424c09570acb3) Importer(815301076,1909f56bfc062723c751e8b465ee728b)  -> (artifact id: 'bb7390f638e99044596e38d769991e8b') in 0.007717 seconds 
========================================================================
Received Import Request.
  Time since last request: 0.018317 seconds.
  path: Assets/Low_poly_styled_rocks/Assets/Prefabs/rock_c.prefab
  artifactKey: Guid(6a67aaef2f6b30443ac78ea7d762a346) Importer(815301076,1909f56bfc062723c751e8b465ee728b)
Start importing Assets/Low_poly_styled_rocks/Assets/Prefabs/rock_c.prefab using Guid(6a67aaef2f6b30443ac78ea7d762a346) Importer(815301076,1909f56bfc062723c751e8b465ee728b)  -> (artifact id: '6a81a0df6ae915a94490634d7cbda53a') in 0.017657 seconds 
========================================================================
Received Import Request.
  Time since last request: 0.000019 seconds.
  path: Assets/Low_poly_styled_rocks/Assets/Prefabs/rock_o.prefab
  artifactKey: Guid(ca5c291357dc8c54bbb0f485cdccdf17) Importer(815301076,1909f56bfc062723c751e8b465ee728b)
Start importing Assets/Low_poly_styled_rocks/Assets/Prefabs/rock_o.prefab using Guid(ca5c291357dc8c54bbb0f485cdccdf17) Importer(815301076,1909f56bfc062723c751e8b465ee728b)  -> (artifact id: '153900d0090cd9a73b74bdd7b002d607') in 0.018348 seconds 
========================================================================
Received Import Request.
  Time since last request: 0.000025 seconds.
  path: Assets/Low_poly_styled_rocks/Assets/Prefabs/rock_l.prefab
  artifactKey: Guid(d18bc5c5a34308844a5c5684e48318db) Importer(815301076,1909f56bfc062723c751e8b465ee728b)
Start importing Assets/Low_poly_styled_rocks/Assets/Prefabs/rock_l.prefab using Guid(d18bc5c5a34308844a5c5684e48318db) Importer(815301076,1909f56bfc062723c751e8b465ee728b)  -> (artifact id: '73f4ec0ef6865723e07e7cea17927911') in 0.012765 seconds 
========================================================================
Received Import Request.
  Time since last request: 0.000021 seconds.
  path: Assets/Low_poly_styled_rocks/Assets/Prefabs/rock_n.prefab
  artifactKey: Guid(de863afb481be364ea04e5a347f5967f) Importer(815301076,1909f56bfc062723c751e8b465ee728b)
Start importing Assets/Low_poly_styled_rocks/Assets/Prefabs/rock_n.prefab using Guid(de863afb481be364ea04e5a347f5967f) Importer(815301076,1909f56bfc062723c751e8b465ee728b)  -> (artifact id: '7fd653453ff9243311edb321c7b4f3d7') in 0.010089 seconds 
========================================================================
Received Import Request.
  Time since last request: 0.000015 seconds.
  path: Assets/Low_poly_styled_rocks/Assets/Prefabs/rock_k.prefab
  artifactKey: Guid(bb7975b4ee3bc3f40b9b2faf7e4636a2) Importer(815301076,1909f56bfc062723c751e8b465ee728b)
Start importing Assets/Low_poly_styled_rocks/Assets/Prefabs/rock_k.prefab using Guid(bb7975b4ee3bc3f40b9b2faf7e4636a2) Importer(815301076,1909f56bfc062723c751e8b465ee728b)  -> (artifact id: '60762d00ab92fb9b24c60ee0c69180b4') in 0.012377 seconds 
========================================================================
Received Import Request.
  Time since last request: 0.000018 seconds.
  path: Assets/Low_poly_styled_rocks/Assets/Prefabs/rock_e.prefab
  artifactKey: Guid(bee8d047e16101c438fb33382ab66935) Importer(815301076,1909f56bfc062723c751e8b465ee728b)
Start importing Assets/Low_poly_styled_rocks/Assets/Prefabs/rock_e.prefab using Guid(bee8d047e16101c438fb33382ab66935) Importer(815301076,1909f56bfc062723c751e8b465ee728b)  -> (artifact id: 'd96bfa43913730ef32bf62ab13449788') in 0.010556 seconds 
========================================================================
Received Import Request.
  Time since last request: 0.000029 seconds.
  path: Assets/Low_poly_styled_rocks/Assets/Prefabs/rock_g.prefab
  artifactKey: Guid(e13d89ce323009a4a8a53d439b0a74e4) Importer(815301076,1909f56bfc062723c751e8b465ee728b)
Start importing Assets/Low_poly_styled_rocks/Assets/Prefabs/rock_g.prefab using Guid(e13d89ce323009a4a8a53d439b0a74e4) Importer(815301076,1909f56bfc062723c751e8b465ee728b)  -> (artifact id: '09bfe2236dc8d11730e04463a039d830') in 0.013785 seconds 
Editor requested this worker to shutdown with reason: Scaling down because of idle timeout
AssetImportWorker is now disconnected from the server
Process exiting
Exiting without the bug reporter. Application will terminate with return code 0